<?xml version="1.0" encoding="UTF-8"?>
<!-- Generated by org.testng.reporters.JUnitReportReporter -->
<testsuite skipped="0" hostname="LAPTOP-0MK9KKKF" name="TestCases.FinishPageTest" tests="2" failures="0" timestamp="2023-01-06T12:15:45 IST" time="12.131" errors="0">
  <testcase name="verifySwagBotImg" time="5.976" classname="TestCases.FinishPageTest"/>
  <testcase name="verifyText" time="6.155" classname="TestCases.FinishPageTest"/>
</testsuite> <!-- TestCases.FinishPageTest -->
