<?xml version="1.0" encoding="UTF-8"?>
<!-- Generated by org.testng.reporters.JUnitReportReporter -->
<testsuite skipped="0" hostname="LAPTOP-0MK9KKKF" name="TestCases.CheckoutStepTwoPageTest" tests="3" failures="0" timestamp="2023-01-06T12:15:45 IST" time="17.455" errors="0">
  <testcase name="contentTest" time="5.977" classname="TestCases.CheckoutStepTwoPageTest"/>
  <testcase name="finish" time="5.733" classname="TestCases.CheckoutStepTwoPageTest"/>
  <testcase name="verifyFooter" time="5.745" classname="TestCases.CheckoutStepTwoPageTest"/>
</testsuite> <!-- TestCases.CheckoutStepTwoPageTest -->
