<?xml version="1.0" encoding="UTF-8"?>
<!-- Generated by org.testng.reporters.JUnitReportReporter -->
<testsuite skipped="10" hostname="LAPTOP-0MK9KKKF" name="TestCases.LoginPageTest" tests="11" failures="0" timestamp="2023-01-06T15:19:51 IST" time="7.742" errors="0">
  <testcase name="verifyInventoryURL" time="7.742" classname="TestCases.LoginPageTest"/>
  <testcase name="verifyBotIconTest" classname="TestCases.LoginPageTest">
    <skipped/>
  </testcase> <!-- verifyBotIconTest -->
  <testcase name="verifyLoginTest" classname="TestCases.LoginPageTest">
    <skipped/>
  </testcase> <!-- verifyLoginTest -->
  <testcase name="verifyProductsLogoTest" classname="TestCases.LoginPageTest">
    <skipped/>
  </testcase> <!-- verifyProductsLogoTest -->
  <testcase name="verifyLinkTest" classname="TestCases.LoginPageTest">
    <skipped/>
  </testcase> <!-- verifyLinkTest -->
  <testcase name="verifyTitleProductTest" classname="TestCases.LoginPageTest">
    <skipped/>
  </testcase> <!-- verifyTitleProductTest -->
  <testcase name="verifyLoginLogoTest" classname="TestCases.LoginPageTest">
    <skipped/>
  </testcase> <!-- verifyLoginLogoTest -->
  <testcase name="verifyTwitterIconTest" classname="TestCases.LoginPageTest">
    <skipped/>
  </testcase> <!-- verifyTwitterIconTest -->
  <testcase name="verifyTitleTest" classname="TestCases.LoginPageTest">
    <skipped/>
  </testcase> <!-- verifyTitleTest -->
  <testcase name="verifyFacebookIconTest" classname="TestCases.LoginPageTest">
    <skipped/>
  </testcase> <!-- verifyFacebookIconTest -->
  <testcase name="verifyLinkedInIconTest" classname="TestCases.LoginPageTest">
    <skipped/>
  </testcase> <!-- verifyLinkedInIconTest -->
</testsuite> <!-- TestCases.LoginPageTest -->
