<?xml version="1.0" encoding="UTF-8"?>
<!-- Generated by org.testng.reporters.JUnitReportReporter -->
<testsuite skipped="5" hostname="LAPTOP-0MK9KKKF" name="TestCases.InventoryPageTest" tests="6" failures="0" timestamp="2023-01-06T15:19:51 IST" time="5.018" errors="0">
  <testcase name="verifyProductsLogoTest" time="5.018" classname="TestCases.InventoryPageTest"/>
  <testcase name="verifyFacebookIconTest" classname="TestCases.InventoryPageTest">
    <skipped/>
  </testcase> <!-- verifyFacebookIconTest -->
  <testcase name="verifyLinkedInIconTest" classname="TestCases.InventoryPageTest">
    <skipped/>
  </testcase> <!-- verifyLinkedInIconTest -->
  <testcase name="verifyBotIconTest" classname="TestCases.InventoryPageTest">
    <skipped/>
  </testcase> <!-- verifyBotIconTest -->
  <testcase name="verifyTwitterIconTest" classname="TestCases.InventoryPageTest">
    <skipped/>
  </testcase> <!-- verifyTwitterIconTest -->
  <testcase name="verifySwagBotFooterTest" classname="TestCases.InventoryPageTest">
    <skipped/>
  </testcase> <!-- verifySwagBotFooterTest -->
</testsuite> <!-- TestCases.InventoryPageTest -->
