<?xml version="1.0" encoding="UTF-8"?>
<!-- Generated by org.testng.reporters.JUnitReportReporter -->
<testsuite skipped="8" hostname="LAPTOP-0MK9KKKF" name="TestCases.CartPageTest" tests="9" failures="0" timestamp="2023-01-06T12:15:45 IST" time="19.785" errors="0">
  <testcase name="verifyProductsRemovedTest" time="19.785" classname="TestCases.CartPageTest"/>
  <testcase name="verifyAppLogoSwagLabTest" classname="TestCases.CartPageTest">
    <skipped/>
  </testcase> <!-- verifyAppLogoSwagLabTest -->
  <testcase name="verifyFacebookIconTest" classname="TestCases.CartPageTest">
    <skipped/>
  </testcase> <!-- verifyFacebookIconTest -->
  <testcase name="verifyLinkedInIconTest" classname="TestCases.CartPageTest">
    <skipped/>
  </testcase> <!-- verifyLinkedInIconTest -->
  <testcase name="verifyCheckoutStepOneTest" classname="TestCases.CartPageTest">
    <skipped/>
  </testcase> <!-- verifyCheckoutStepOneTest -->
  <testcase name="verifyCartFooterTest" classname="TestCases.CartPageTest">
    <skipped/>
  </testcase> <!-- verifyCartFooterTest -->
  <testcase name="verifyYourCartLabelTest" classname="TestCases.CartPageTest">
    <skipped/>
  </testcase> <!-- verifyYourCartLabelTest -->
  <testcase name="verifyTwitterIconTest" classname="TestCases.CartPageTest">
    <skipped/>
  </testcase> <!-- verifyTwitterIconTest -->
  <testcase name="verifySwagBotImgTest" classname="TestCases.CartPageTest">
    <skipped/>
  </testcase> <!-- verifySwagBotImgTest -->
</testsuite> <!-- TestCases.CartPageTest -->
