<?xml version="1.0" encoding="UTF-8"?>
<!-- Generated by org.testng.reporters.JUnitReportReporter -->
<testsuite skipped="0" hostname="LAPTOP-0MK9KKKF" name="TestCases.CheckoutStepOnePageTest" tests="1" failures="0" timestamp="2023-01-06T15:19:51 IST" time="22.405" errors="0">
  <testcase name="verifyAppLogoTest" time="22.405" classname="TestCases.CheckoutStepOnePageTest"/>
</testsuite> <!-- TestCases.CheckoutStepOnePageTest -->
